Start testing: May 10 17:55 PDT
----------------------------------------------------------
1/1 Testing: ComputeGradientAnisotropicDiffusionTest
1/1 Test: ComputeGradientAnisotropicDiffusionTest
Command: "/Users/veronicayuen/Documents/621Final/Downloaded examples/ComputeGradientAnisotropicDiffusion/build/ComputeGradientAnisotropicDiffusion" "/Users/veronicayuen/Documents/621Final/Downloaded examples/ComputeGradientAnisotropicDiffusion/example.dcm" "Output.dcm" "5" "0.121" "1.0"
Directory: /Users/veronicayuen/Documents/621Final/Downloaded examples/ComputeGradientAnisotropicDiffusion/build
"ComputeGradientAnisotropicDiffusionTest" start time: May 10 17:55 PDT
Output:
----------------------------------------------------------
<end of output>
Test time =   0.60 sec
----------------------------------------------------------
Test Passed.
"ComputeGradientAnisotropicDiffusionTest" end time: May 10 17:55 PDT
"ComputeGradientAnisotropicDiffusionTest" time elapsed: 00:00:00
----------------------------------------------------------

End testing: May 10 17:55 PDT
